<?xml version="1.0" encoding="UTF-8"?>
<!-- Generated by org.testng.reporters.JUnitReportReporter -->
<testsuite hostname="DESKTOP-UUKOVN8" failures="0" tests="2" name="qaclickacademy.AppiumTest" time="0.017" errors="0" timestamp="25 Jun 2020 19:36:21 GMT">
  <testcase classname="qaclickacademy.AppiumTest" name="maven" time="0.001"/>
  <testcase classname="qaclickacademy.AppiumTest" name="Butter" time="0.016"/>
</testsuite> <!-- qaclickacademy.AppiumTest -->
