<?xml version="1.0" encoding="UTF-8"?>
<!-- Generated by org.testng.reporters.JUnitReportReporter -->
<testsuite hostname="DESKTOP-UUKOVN8" failures="0" tests="1" name="qaclickacademy.AppTest" time="0.006" errors="0" timestamp="25 Jun 2020 19:22:23 GMT">
  <testcase classname="qaclickacademy.AppTest" name="shouldAnswerWithTrue" time="0.006"/>
</testsuite> <!-- qaclickacademy.AppTest -->
