<?xml version="1.0" encoding="UTF-8"?>
<!-- Generated by org.testng.reporters.JUnitReportReporter -->
<testsuite hostname="DESKTOP-UUKOVN8" failures="0" tests="2" name="qaclickacademy.RestTest" time="0.002" errors="0" timestamp="25 Jun 2020 19:36:21 GMT">
  <testcase classname="qaclickacademy.RestTest" name="ios" time="0.001"/>
  <testcase classname="qaclickacademy.RestTest" name="oxalis" time="0.001"/>
</testsuite> <!-- qaclickacademy.RestTest -->
